Starting ChromeDriver 80.0.3987.16 (320f6526c1632ad4f205ebce69b99a062ed78647-refs/branch-heads/3987@{#185}) on port 9515
Only local connections are allowed.
Please protect ports used by ChromeDriver and related test frameworks to prevent access by malicious code.
[1584893726.376][WARNING]: Timed out connecting to Chrome, retrying...
[1584893730.209][SEVERE]: Timed out receiving message from renderer: 0.100
[1584893730.310][SEVERE]: Timed out receiving message from renderer: 0.100
[1584893730.411][SEVERE]: Timed out receiving message from renderer: 0.100
[1584893730.513][SEVERE]: Timed out receiving message from renderer: 0.100
[1584893730.615][SEVERE]: Timed out receiving message from renderer: 0.100
[1584893730.716][SEVERE]: Timed out receiving message from renderer: 0.100
[1584893730.818][SEVERE]: Timed out receiving message from renderer: 0.100
[1584893730.919][SEVERE]: Timed out receiving message from renderer: 0.100
[1584893731.021][SEVERE]: Timed out receiving message from renderer: 0.100
[1584893731.122][SEVERE]: Timed out receiving message from renderer: 0.100
[1584893731.224][SEVERE]: Timed out receiving message from renderer: 0.100
[1584893731.327][SEVERE]: Timed out receiving message from renderer: 0.100
[1584893731.429][SEVERE]: Timed out receiving message from renderer: 0.100
[1584893731.530][SEVERE]: Timed out receiving message from renderer: 0.100
[1584893731.631][SEVERE]: Timed out receiving message from renderer: 0.100
[1584893731.731][SEVERE]: Timed out receiving message from renderer: 0.100
[1584893731.832][SEVERE]: Timed out receiving message from renderer: 0.100
[1584893731.934][SEVERE]: Timed out receiving message from renderer: 0.100
[1584893732.036][SEVERE]: Timed out receiving message from renderer: 0.100
[1584893732.138][SEVERE]: Timed out receiving message from renderer: 0.100
[1584893732.239][SEVERE]: Timed out receiving message from renderer: 0.100
[1584893732.648][SEVERE]: Timed out receiving message from renderer: 0.100
[1584893732.748][SEVERE]: Timed out receiving message from renderer: 0.100
[1584893732.849][SEVERE]: Timed out receiving message from renderer: 0.100
[1584893732.951][SEVERE]: Timed out receiving message from renderer: 0.100
[1584893733.052][SEVERE]: Timed out receiving message from renderer: 0.100
[1584893733.153][SEVERE]: Timed out receiving message from renderer: 0.100
[1584893733.254][SEVERE]: Timed out receiving message from renderer: 0.100
[1584893733.387][SEVERE]: Timed out receiving message from renderer: 0.100
[1584893733.562][SEVERE]: Timed out receiving message from renderer: 0.100
[1584893733.663][SEVERE]: Timed out receiving message from renderer: 0.100
[1584893733.764][SEVERE]: Timed out receiving message from renderer: 0.100
[1584893733.865][SEVERE]: Timed out receiving message from renderer: 0.100
[1584893733.966][SEVERE]: Timed out receiving message from renderer: 0.100
[1584893734.155][SEVERE]: Timed out receiving message from renderer: 0.100
[1584893734.257][SEVERE]: Timed out receiving message from renderer: 0.100
[1584893734.359][SEVERE]: Timed out receiving message from renderer: 0.100
[1584893734.460][SEVERE]: Timed out receiving message from renderer: 0.100
[1584893734.562][SEVERE]: Timed out receiving message from renderer: 0.100
[1584893734.682][SEVERE]: Timed out receiving message from renderer: 0.100
[1584893734.787][SEVERE]: Timed out receiving message from renderer: 0.100
[1584893734.888][SEVERE]: Timed out receiving message from renderer: 0.100
[1584893734.989][SEVERE]: Timed out receiving message from renderer: 0.100
[1584893735.155][SEVERE]: Timed out receiving message from renderer: 0.100
[1584893735.257][SEVERE]: Timed out receiving message from renderer: 0.100
[1584893735.359][SEVERE]: Timed out receiving message from renderer: 0.100
[1584893735.460][SEVERE]: Timed out receiving message from renderer: 0.100
[1584893735.562][SEVERE]: Timed out receiving message from renderer: 0.100
[1584893735.664][SEVERE]: Timed out receiving message from renderer: 0.100
[1584893735.765][SEVERE]: Timed out receiving message from renderer: 0.100
[1584893735.868][SEVERE]: Timed out receiving message from renderer: 0.100
[1584893735.971][SEVERE]: Timed out receiving message from renderer: 0.100
[1584893736.155][SEVERE]: Timed out receiving message from renderer: 0.100
[1584893736.256][SEVERE]: Timed out receiving message from renderer: 0.100
[1584893736.358][SEVERE]: Timed out receiving message from renderer: 0.100
[1584893736.459][SEVERE]: Timed out receiving message from renderer: 0.100
[1584893736.560][SEVERE]: Timed out receiving message from renderer: 0.100
[1584893736.661][SEVERE]: Timed out receiving message from renderer: 0.100
[1584893736.763][SEVERE]: Timed out receiving message from renderer: 0.100
[1584893736.865][SEVERE]: Timed out receiving message from renderer: 0.100
[1584893736.967][SEVERE]: Timed out receiving message from renderer: 0.100
[1584893737.154][SEVERE]: Timed out receiving message from renderer: 0.100
[1584893737.255][SEVERE]: Timed out receiving message from renderer: 0.100
[1584893737.360][SEVERE]: Timed out receiving message from renderer: 0.100
[1584893737.461][SEVERE]: Timed out receiving message from renderer: 0.100
[1584893737.563][SEVERE]: Timed out receiving message from renderer: 0.100
[1584893737.664][SEVERE]: Timed out receiving message from renderer: 0.100
[1584893737.765][SEVERE]: Timed out receiving message from renderer: 0.100
[1584893737.869][SEVERE]: Timed out receiving message from renderer: 0.100
[1584893737.971][SEVERE]: Timed out receiving message from renderer: 0.100
[1584893738.154][SEVERE]: Timed out receiving message from renderer: 0.100
[1584893738.255][SEVERE]: Timed out receiving message from renderer: 0.100
[1584893738.363][SEVERE]: Timed out receiving message from renderer: 0.100
